make all --print-data-base --no-builtin-variables --no-builtin-rules --question
# GNU Make 3.81
# Copyright (C) 2006  Free Software Foundation, Inc.
# This is free software; see the source for copying conditions.
# There is NO warranty; not even for MERCHANTABILITY or FITNESS FOR A
# PARTICULAR PURPOSE.

# This program built for i386-apple-darwin11.3.0
 
make: *** No rule to make target `all'.  Stop.


# Make data base, printed on Wed Jul 20 22:35:37 2022

# Variables

# automatic
<D = $(patsubst %/,%,$(dir $<))
# automatic
?F = $(notdir $?)
# environment
OPAM_SWITCH_PREFIX = /Users/nicolashoeck/.opam/4.07.1
# environment
OCAML_TOPLEVEL_PATH = /Users/nicolashoeck/.opam/4.07.1/lib/toplevel
# automatic
?D = $(patsubst %/,%,$(dir $?))
# automatic
@D = $(patsubst %/,%,$(dir $@))
# automatic
@F = $(notdir $@)
# makefile
CURDIR := /Users/nicolashoeck/Documents/GitHub/OMakeMeAMarket_Updated
# makefile
SHELL = /bin/sh
# environment
VSCODE_NLS_CONFIG = {"locale":"en-gb","availableLanguages":{},"_languagePackSupport":true}
# environment
_ = /usr/bin/make
# makefile (from `Makefile', line 1)
MAKEFILE_LIST :=  Makefile
# environment
__CFBundleIdentifier = com.microsoft.VSCode
# environment
VSCODE_CWD = /
# environment
PATH = /Users/nicolashoeck/.opam/4.07.1/bin:/opt/local/bin:/opt/local/sbin:/usr/local/bin:/usr/bin:/bin:/usr/sbin:/sbin:/usr/local/share/dotnet:~/.dotnet/tools:/Library/Apple/usr/bin:/Users/nicolashoeck/opt/anaconda3/bin:/Users/nicolashoeck/opt/anaconda3/condabin:/Users/nicolashoeck/.opam/4.07.1/bin:/opt/local/bin:/opt/local/sbin
# environment
ELECTRON_RUN_AS_NODE = 1
# default
.FEATURES := target-specific order-only second-expansion else-if archives jobserver check-symlink
# makefile (from `Makefile', line 1)
MODULES = gui marketmaker trader command parse stats main authors
# environment
SSH_AUTH_SOCK = /private/tmp/com.apple.launchd.ubuXuQxIwQ/Listeners
# automatic
%F = $(notdir $%)
# environment
CONDA_EXE = /Users/nicolashoeck/opt/anaconda3/bin/conda
# environment
PWD = /Users/nicolashoeck/Documents/GitHub/OMakeMeAMarket_Updated
# environment
ORIGINAL_XDG_CURRENT_DESKTOP = undefined
# environment
VSCODE_AMD_ENTRYPOINT = vs/workbench/api/node/extensionHostProcess
# environment
HOME = /Users/nicolashoeck
# default
MAKEFILEPATH = $(shell /usr/bin/xcode-select -print-path 2>/dev/null || echo /Developer)/Makefiles
# environment
VSCODE_CODE_CACHE_PATH = /Users/nicolashoeck/Library/Application Support/Code/CachedData/3b889b090b5ad5793f524b5d1d39fda662b96a2a
# environment
LOGNAME = nicolashoeck
# environment
APPLICATION_INSIGHTS_NO_DIAGNOSTIC_CHANNEL = true
# environment
CONDA_PROMPT_MODIFIER = (base) 
# environment
VSCODE_HANDLES_UNCAUGHT_ERRORS = true
# automatic
^D = $(patsubst %/,%,$(dir $^))
# makefile (from `Makefile', line 5)
TEST = test.byte
# environment
CONDA_DEFAULT_ENV = base
# environment
XPC_FLAGS = 0x0
# default
MAKE = $(MAKE_COMMAND)
# default
MAKECMDGOALS := all
# environment
SHLVL = 1
# environment
LOCAL_GIT_DIRECTORY = /Volumes/Macintosh HD - Data/Applications/GitHub Desktop.app/Contents/Resources/app/git
# default
MAKE_VERSION := 3.81
# environment
USER = nicolashoeck
# environment
CAML_LD_LIBRARY_PATH = /Users/nicolashoeck/.opam/4.07.1/lib/stublibs:/Users/nicolashoeck/.opam/4.07.1/lib/ocaml/stublibs:/Users/nicolashoeck/.opam/4.07.1/lib/ocaml
# makefile
.DEFAULT_GOAL := default
# automatic
%D = $(patsubst %/,%,$(dir $%))
# makefile (from `Makefile', line 4)
MLIS = $(MODULES:=.mli)
# environment
CONDA_SHLVL = 1
# default
MAKE_COMMAND := /Library/Developer/CommandLineTools/usr/bin/make
# makefile (from `Makefile', line 3)
MLS = $(MODULES:=.ml)
# default
.VARIABLES := 
# environment
TMPDIR = /var/folders/p_/4_16g2d10cjcxz93xvlgdfdw0000gn/T/
# automatic
*F = $(notdir $*)
# environment
 
VSCODE_IPC_HOOK = /Users/nicolashoeck/Library/Application Support/Code/1.69.2-main.sock
# environment
MallocNanoZone = 0
# makefile
MAKEFLAGS = Rrqp
# environment
MFLAGS = -Rrqp
# automatic
*D = $(patsubst %/,%,$(dir $*))
# makefile (from `Makefile', line 6)
MAIN = main.byte
# environment
XPC_SERVICE_NAME = application.com.microsoft.VSCode.86199440.86199446
# automatic
+D = $(patsubst %/,%,$(dir $+))
# automatic
+F = $(notdir $+)
# environment
__CF_USER_TEXT_ENCODING = 0x1F5:0:2
# environment
COMMAND_MODE = unix2003
# default
MAKEFILES := 
# automatic
<F = $(notdir $<)
# environment
LC_ALL = C
# makefile (from `Makefile', line 7)
OCAMLBUILD = ocamlbuild -use-ocamlfind
# environment
CONDA_PYTHON_EXE = /Users/nicolashoeck/opt/anaconda3/bin/python
# automatic
^F = $(notdir $^)
# default
SUFFIXES := 
# environment
_CE_M = 
# default
.INCLUDE_DIRS = /usr/local/include
# environment
MAKELEVEL := 0
# makefile (from `Makefile', line 2)
OBJECTS = $(MODULES:=.cmo)
# environment
CONDA_PREFIX = /Users/nicolashoeck/opt/anaconda3
# environment
VSCODE_PID = 5626
# environment
_CE_CONDA = 
# environment
LANG = C
# variable set hash-table stats:
# Load=77/1024=8%, Rehash=0, Collisions=2/101=2%

# Pattern-specific Variable Values

# No pattern-specific variable values.

# Directories

# . (device 16777220, inode 85671489): 30 files, no impossibilities.

# 30 files, no impossibilities in 1 directories.

# Implicit Rules

# No implicit rules.

# Files

# Not a target:
all:
#  Command-line target.
#  Implicit rule search has been done.
#  File does not exist.
#  File has not been updated.
# variable set hash-table stats:
# Load=0/32=0%, Rehash=0, Collisions=0/0=0%

docs-private: build
#  Implicit rule search has not been done.
#  Modification time never checked.
#  File has not been updated.
#  commands to execute (from `Makefile', line 39):
	mkdir -p doc.private
	ocamlfind ocamldoc -I _build -package yojson,ANSITerminal \
	-html -stars -d doc.private \
	-inv-merge-ml-mli -m A $(MLIS) $(MLS)
	

zip:
#  Implicit rule search has not been done.
#  Modification time never checked.
#  File has not been updated.
#  commands to execute (from `Makefile', line 29):
	zip market.zip *.ml* *.json _tags Makefile
	

# Not a target:
 
.SUFFIXES:
#  Implicit rule search has not been done.
#  Modification time never checked.
#  File has not been updated.

# Not a target:
Makefile:
#  Implicit rule search has been done.
#  Last modified 2022-07-20 22:35:23
#  File has been updated.
#  Successfully updated.
# variable set hash-table stats:
# Load=0/32=0%, Rehash=0, Collisions=0/0=0%

test:
#  Implicit rule search has not been done.
#  Modification time never checked.
#  File has not been updated.
#  commands to execute (from `Makefile', line 16):
	$(OCAMLBUILD) -tag 'debug' $(TEST) && ./$(TEST)
	

build:
#  Implicit rule search has not been done.
#  Modification time never checked.
#  File has not been updated.
#  commands to execute (from `Makefile', line 13):
	$(OCAMLBUILD) $(OBJECTS)
	

default: build
#  Implicit rule search has not been done.
#  Modification time never checked.
#  File has not been updated.
#  commands to execute (from `Makefile', line 10):
	utop
	

docs-public: build
#  Implicit rule search has not been done.
#  Modification time never checked.
#  File has not been updated.
#  commands to execute (from `Makefile', line 34):
	mkdir -p doc.public
	ocamlfind ocamldoc -I _build -package yojson,ANSITerminal \
	-html -stars -d doc.public $(MLIS)
	

# Not a target:
.DEFAULT:
#  Implicit rule search has not been done.
#  Modification time never checked.
#  File has not been updated.

clean:
#  Implicit rule search has not been done.
#  Modification time never checked.
#  File has not been updated.
#  commands to execute (from `Makefile', line 45):
	ocamlbuild -clean
	rm -rf doc.public doc.private adv.zip
	

docs: docs-public docs-private
#  Implicit rule search has not been done.
#  Modification time never checked.
#  File has not been updated.

play:
#  Implicit rule search has not been done.
#  Modification time never checked.
#  File has not been updated.
#  commands to execute (from `Makefile', line 19):
	$(OCAMLBUILD) $(MAIN) && ./$(MAIN)
	

check:
#  Implicit rule search has not been done.
#  Modification time never checked.
#  File has not been updated.
#  commands to execute (from `Makefile', line 22):
	bash checkenv.sh && bash checktypes.sh
	

finalcheck: check
#  Implicit rule search has not been done.
#  Modification time never checked.
#  File has not been updated.
#  commands to execute (from `Makefile', line 25):
	bash checkzip.sh
	bash finalcheck.sh
	

# files hash-table stats:
# Load=15/1024=1%, Rehash=0, Collisions=0/33=0%
# VPATH Search Paths

# No `vpath' search paths.

# No general (`VPATH' variable) search path.

# # of strings in strcache: 1
# # of strcache buffers: 1
# strcache size: total = 4096 / max = 4096 / min = 4096 / avg = 4096
# strcache free: total = 4087 / max = 4087 / min = 4087 / avg = 4087

# Finished Make data base on Wed Jul 20 22:35:37 2022

 
